
Payload JSON Generator
------------------
Type:		oscc
Output Path:	./output/
Log File:	./logs/20201225122030.log

passing input path: /Users/iva/Desktop/varun/fdm-payload-generator/test/input/sample_exchange_container_oscc.json, mapping file dict: {'oscc': {'resourceID': 'APPL.appl_resrce.appl_da_cntn_resrce.da_cntn_resrce_id', 'resourceVersion': 'APPL.appl_resrce.appl_da_cntn_resrce.da_cntn_vsn_id', 'resourceType': 'CONST.datacntr', 'name': 'ARRAY.da_cntn_resrce.da_cntn_tech_nm$da_cntn_resrce_id$[appl_resrce|appl_da_cntn_resrce|da_cntn_resrce_id]', 'documentType': 'CONST.reg', 'applBusNm': 'APPL.appl_resrce.appl_bus_nm', 'daCntnBusNm': 'ARRAY.da_cntn_resrce.da_cntn_bus_nm$da_cntn_resrce_id$[appl_resrce|appl_da_cntn_resrce|da_cntn_resrce_id]', 'daCntnTypeCd': 'ARRAY.da_cntn_resrce.da_cntn_type_cd$da_cntn_resrce_id$[appl_resrce|appl_da_cntn_resrce|da_cntn_resrce_id]', 'sourceCARID': 'APPL.appl_resrce.appl_srce_sys_id', 'targetCARID': 'CONST.500000979', 'activeStartDate': 'APPL.rls_vsn.act_strt_ts', 'activeEndDate': 'APPL.rls_vsn.act_end_ts', 'tags': 'CONST.[pii, cde]', 'records': ['#records_array', 'NA']}, 'records_array': ['$body'], 'body': {'bdy': ['$attributes_array', 'ARRAY.da_cntn_resrce.attr_resrce$da_cntn_resrce_id$[appl_resrce|appl_da_cntn_resrce|da_cntn_resrce_id]']}, 'attributes_array': {'key': 'attr_tech_nm', 'resourceID': 'attr_resrce_id', 'resourceVersion': 'attr_vsn_id', 'resourceType': 'CONST.attr', 'name': 'attr_abrv_bus_nm', 'type': 'attr_da_type_cd', 'format': 'attr_da_frmt_cd', 'description': 'attr_def', 'data': '&attributes_array_sub'}, 'attributes_array_sub': {'resourceID': 'APPL.appl_resrce.appl_da_cntn_resrce.da_cntn_resrce_id', 'resourceVersion': 'APPL.appl_resrce.appl_da_cntn_resrce.da_cntn_vsn_id', 'resourceType': 'CONST.datacntr', 'type': 'CONST.object', 'properties': 'CONST.{}'}, 'data': {'resourceID': 'APPL.appl_resrce.appl_da_cntn_resrce.da_cntn_resrce_id', 'resourceVersion': 'APPL.appl_resrce.appl_da_cntn_resrce.da_cntn_vsn_id', 'resourceType': 'CONST.datacntr', 'type': 'CONST.object', 'properties': 'CONST.{}'}, 'data_map': {'properties': {'platform': 'parent', 'application': 'parent', 'journey': {'channel': 'parent'}, 'fulfiller': 'parent', 'customerInfo': {'accountDetails': 'parent'}, 'servicingDetail': {'creditDetail': {'programDetails': 'parent'}}}}}, logger obj to the generic method
Error:	Traceback (most recent call last):
  File "/Users/iva/Desktop/varun/fdm-payload-generator/engine/payloadEngine.py", line 171, in convert_to_json
    self.output = getattr(self, 'reformat_'+self.mapping_type+'_file')(self, self.output, input_dict_obj)
TypeError: reformat_oscc_file() takes 2 positional arguments but 3 were given

During handling of the above exception, another exception occurred:

Traceback (most recent call last):
  File "payloadGenerator.py", line 72, in <module>
    payloadEngine.convert_to_json()
  File "/Users/iva/Desktop/varun/fdm-payload-generator/engine/payloadEngine.py", line 174, in convert_to_json
    self.logger.info("applying default reformat: 'reformat_input_file' ")
AttributeError: 'Logger' object has no attribute 'info'

